# JRE version: OpenJDK Runtime Environment (8.0_152-b01) (build 1.8.0_152-release-915-b01)
# Java VM: OpenJDK 64-Bit Server VM (25.152-b01 mixed mode linux-amd64 compressed oops)
Heap:
 PSYoungGen      total 454144K, used 133221K [0x00000000e0000000, 0x00000000ff900000, 0x0000000100000000)
  eden space 390656K, 29% used [0x00000000e0000000,0x00000000e7030dc0,0x00000000f7d80000)
  from space 63488K, 28% used [0x00000000f7d80000,0x00000000f8f68710,0x00000000fbb80000)
  to   space 59392K, 0% used [0x00000000fbf00000,0x00000000fbf00000,0x00000000ff900000)
 ParOldGen       total 167936K, used 121845K [0x00000000a0000000, 0x00000000aa400000, 0x00000000e0000000)
  object space 167936K, 72% used [0x00000000a0000000,0x00000000a76fd660,0x00000000aa400000)
 Metaspace       used 82179K, capacity 89269K, committed 89560K, reserved 1126400K
  class space    used 10175K, capacity 11657K, committed 11776K, reserved 1048576K
GC Heap History (10 events):
Event: 3045,201 GC heap before
{Heap before GC invocations=48 (full 5):
 PSYoungGen      total 451072K, used 382121K [0x00000000e0000000, 0x00000000fff80000, 0x0000000100000000)
  eden space 380416K, 99% used [0x00000000e0000000,0x00000000f7346650,0x00000000f7380000)
  from space 70656K, 2% used [0x00000000fba80000,0x00000000fbc64020,0x00000000fff80000)
  to   space 71680K, 0% used [0x00000000f7380000,0x00000000f7380000,0x00000000fb980000)
 ParOldGen       total 167936K, used 109852K [0x00000000a0000000, 0x00000000aa400000, 0x00000000e0000000)
  object space 167936K, 65% used [0x00000000a0000000,0x00000000a6b47100,0x00000000aa400000)
 Metaspace       used 80680K, capacity 86035K, committed 86744K, reserved 1124352K
  class space    used 9911K, capacity 11107K, committed 11264K, reserved 1048576K
Event: 3045,218 GC heap after
Heap after GC invocations=48 (full 5):
 PSYoungGen      total 452096K, used 7984K [0x00000000e0000000, 0x00000000ffe00000, 0x0000000100000000)
  eden space 380416K, 0% used [0x00000000e0000000,0x00000000e0000000,0x00000000f7380000)
  from space 71680K, 11% used [0x00000000f7380000,0x00000000f7b4c020,0x00000000fb980000)
  to   space 70144K, 0% used [0x00000000fb980000,0x00000000fb980000,0x00000000ffe00000)
 ParOldGen       total 167936K, used 111359K [0x00000000a0000000, 0x00000000aa400000, 0x00000000e0000000)
  object space 167936K, 66% used [0x00000000a0000000,0x00000000a6cbfd30,0x00000000aa400000)
 Metaspace       used 80680K, capacity 86035K, committed 86744K, reserved 1124352K
  class space    used 9911K, capacity 11107K, committed 11264K, reserved 1048576K
}
Event: 3049,392 GC heap before
{Heap before GC invocations=49 (full 5):
 PSYoungGen      total 452096K, used 388400K [0x00000000e0000000, 0x00000000ffe00000, 0x0000000100000000)
  eden space 380416K, 100% used [0x00000000e0000000,0x00000000f7380000,0x00000000f7380000)
  from space 71680K, 11% used [0x00000000f7380000,0x00000000f7b4c020,0x00000000fb980000)
  to   space 70144K, 0% used [0x00000000fb980000,0x00000000fb980000,0x00000000ffe00000)
 ParOldGen       total 167936K, used 111359K [0x00000000a0000000, 0x00000000aa400000, 0x00000000e0000000)
  object space 167936K, 66% used [0x00000000a0000000,0x00000000a6cbfd30,0x00000000aa400000)
 Metaspace       used 80943K, capacity 86333K, committed 86744K, reserved 1124352K
  class space    used 9934K, capacity 11141K, committed 11264K, reserved 1048576K
Event: 3049,414 GC heap after
Heap after GC invocations=49 (full 5):
 PSYoungGen      total 449024K, used 8614K [0x00000000e0000000, 0x00000000ffa80000, 0x0000000100000000)
  eden space 382464K, 0% used [0x00000000e0000000,0x00000000e0000000,0x00000000f7580000)
  from space 66560K, 12% used [0x00000000fb980000,0x00000000fc1e99b0,0x00000000ffa80000)
  to   space 68096K, 0% used [0x00000000f7580000,0x00000000f7580000,0x00000000fb800000)
 ParOldGen       total 167936K, used 117893K [0x00000000a0000000, 0x00000000aa400000, 0x00000000e0000000)
  object space 167936K, 70% used [0x00000000a0000000,0x00000000a7321720,0x00000000aa400000)
 Metaspace       used 80943K, capacity 86333K, committed 86744K, reserved 1124352K
  class space    used 9934K, capacity 11141K, committed 11264K, reserved 1048576K
}
Event: 3152,608 GC heap before
{Heap before GC invocations=50 (full 5):
 PSYoungGen      total 449024K, used 391078K [0x00000000e0000000, 0x00000000ffa80000, 0x0000000100000000)
  eden space 382464K, 100% used [0x00000000e0000000,0x00000000f7580000,0x00000000f7580000)
  from space 66560K, 12% used [0x00000000fb980000,0x00000000fc1e99b0,0x00000000ffa80000)
  to   space 68096K, 0% used [0x00000000f7580000,0x00000000f7580000,0x00000000fb800000)
 ParOldGen       total 167936K, used 117893K [0x00000000a0000000, 0x00000000aa400000, 0x00000000e0000000)
  object space 167936K, 70% used [0x00000000a0000000,0x00000000a7321720,0x00000000aa400000)
 Metaspace       used 81065K, capacity 86523K, committed 87000K, reserved 1124352K
  class space    used 9946K, capacity 11182K, committed 11264K, reserved 1048576K
Event: 3152,666 GC heap after
Heap after GC invocations=50 (full 5):
 PSYoungGen      total 450560K, used 10502K [0x00000000e0000000, 0x00000000ffc80000, 0x0000000100000000)
  eden space 382464K, 0% used [0x00000000e0000000,0x00000000e0000000,0x00000000f7580000)
  from space 68096K, 15% used [0x00000000f7580000,0x00000000f7fc1b50,0x00000000fb800000)
  to   space 65536K, 0% used [0x00000000fbc80000,0x00000000fbc80000,0x00000000ffc80000)
 ParOldGen       total 167936K, used 119117K [0x00000000a0000000, 0x00000000aa400000, 0x00000000e0000000)
  object space 167936K, 70% used [0x00000000a0000000,0x00000000a7453790,0x00000000aa400000)
 Metaspace       used 81065K, capacity 86523K, committed 87000K, reserved 1124352K
  class space    used 9946K, capacity 11182K, committed 11264K, reserved 1048576K
}
Event: 3307,981 GC heap before
{Heap before GC invocations=51 (full 5):
 PSYoungGen      total 450560K, used 392966K [0x00000000e0000000, 0x00000000ffc80000, 0x0000000100000000)
  eden space 382464K, 100% used [0x00000000e0000000,0x00000000f7580000,0x00000000f7580000)
  from space 68096K, 15% used [0x00000000f7580000,0x00000000f7fc1b50,0x00000000fb800000)
  to   space 65536K, 0% used [0x00000000fbc80000,0x00000000fbc80000,0x00000000ffc80000)
 ParOldGen       total 167936K, used 119117K [0x00000000a0000000, 0x00000000aa400000, 0x00000000e0000000)
  object space 167936K, 70% used [0x00000000a0000000,0x00000000a7453790,0x00000000aa400000)
 Metaspace       used 81215K, capacity 86821K, committed 87128K, reserved 1124352K
  class space    used 9968K, capacity 11241K, committed 11392K, reserved 1048576K
Event: 3308,096 GC heap after
Heap after GC invocations=51 (full 5):
 PSYoungGen      total 453120K, used 9228K [0x00000000e0000000, 0x00000000ff980000, 0x0000000100000000)
  eden space 390656K, 0% used [0x00000000e0000000,0x00000000e0000000,0x00000000f7d80000)
  from space 62464K, 14% used [0x00000000fbc80000,0x00000000fc583398,0x00000000ff980000)
  to   space 63488K, 0% used [0x00000000f7d80000,0x00000000f7d80000,0x00000000fbb80000)
 ParOldGen       total 167936K, used 119709K [0x00000000a0000000, 0x00000000aa400000, 0x00000000e0000000)
  object space 167936K, 71% used [0x00000000a0000000,0x00000000a74e7640,0x00000000aa400000)
 Metaspace       used 81215K, capacity 86821K, committed 87128K, reserved 1124352K
  class space    used 9968K, capacity 11241K, committed 11392K, reserved 1048576K
}
Event: 3818,996 GC heap before
{Heap before GC invocations=52 (full 5):
 PSYoungGen      total 453120K, used 399884K [0x00000000e0000000, 0x00000000ff980000, 0x0000000100000000)
  eden space 390656K, 100% used [0x00000000e0000000,0x00000000f7d80000,0x00000000f7d80000)
  from space 62464K, 14% used [0x00000000fbc80000,0x00000000fc583398,0x00000000ff980000)
  to   space 63488K, 0% used [0x00000000f7d80000,0x00000000f7d80000,0x00000000fbb80000)
 ParOldGen       total 167936K, used 119709K [0x00000000a0000000, 0x00000000aa400000, 0x00000000e0000000)
  object space 167936K, 71% used [0x00000000a0000000,0x00000000a74e7640,0x00000000aa400000)
 Metaspace       used 82165K, capacity 89269K, committed 89560K, reserved 1126400K
  class space    used 10175K, capacity 11657K, committed 11776K, reserved 1048576K
Event: 3821,415 GC heap after
Heap after GC invocations=52 (full 5):
 PSYoungGen      total 454144K, used 18337K [0x00000000e0000000, 0x00000000ff900000, 0x0000000100000000)
  eden space 390656K, 0% used [0x00000000e0000000,0x00000000e0000000,0x00000000f7d80000)
  from space 63488K, 28% used [0x00000000f7d80000,0x00000000f8f68710,0x00000000fbb80000)
  to   space 59392K, 0% used [0x00000000fbf00000,0x00000000fbf00000,0x00000000ff900000)
 ParOldGen       total 167936K, used 121845K [0x00000000a0000000, 0x00000000aa400000, 0x00000000e0000000)
  object space 167936K, 72% used [0x00000000a0000000,0x00000000a76fd660,0x00000000aa400000)
 Metaspace       used 82165K, capacity 89269K, committed 89560K, reserved 1126400K
  class space    used 10175K, capacity 11657K, committed 11776K, reserved 1048576K
}

